2021-09-07 23:11:07.797 [main] INFO  c.m.s.SpringBootMeikenLogLogbackApplication - Starting SpringBootMeikenLogLogbackApplication using Java 1.8.0_171 on glf with PID 15205 (/Users/gulinfei/mydeveloper/gitProject/java/spring-learn/spring-boot-meiken-learn/spring-boot-meiken-log/spring-boot-meiken-log-logback/target/classes started by gulinfei in /Users/gulinfei/mydeveloper/gitProject/java/spring-learn/spring-boot-meiken-learn)
2021-09-07 23:11:07.799 [main] INFO  c.m.s.SpringBootMeikenLogLogbackApplication - No active profile set, falling back to default profiles: default
2021-09-07 23:11:08.445 [main] INFO  o.s.boot.web.embedded.tomcat.TomcatWebServer - Tomcat initialized with port(s): 8080 (http)
2021-09-07 23:11:08.451 [main] INFO  org.apache.coyote.http11.Http11NioProtocol - Initializing ProtocolHandler ["http-nio-8080"]
2021-09-07 23:11:08.451 [main] INFO  org.apache.catalina.core.StandardService - Starting service [Tomcat]
2021-09-07 23:11:08.452 [main] INFO  org.apache.catalina.core.StandardEngine - Starting Servlet engine: [Apache Tomcat/9.0.52]
2021-09-07 23:11:08.509 [main] INFO  o.a.c.core.ContainerBase.[Tomcat].[localhost].[/] - Initializing Spring embedded WebApplicationContext
2021-09-07 23:11:08.509 [main] INFO  o.s.b.w.s.c.ServletWebServerApplicationContext - Root WebApplicationContext: initialization completed in 669 ms
2021-09-07 23:11:08.743 [main] INFO  org.apache.coyote.http11.Http11NioProtocol - Starting ProtocolHandler ["http-nio-8080"]
2021-09-07 23:11:08.768 [main] INFO  o.s.boot.web.embedded.tomcat.TomcatWebServer - Tomcat started on port(s): 8080 (http) with context path ''
2021-09-07 23:11:08.776 [main] INFO  c.m.s.SpringBootMeikenLogLogbackApplication - Started SpringBootMeikenLogLogbackApplication in 1.273 seconds (JVM running for 1.818)
2021-09-07 23:11:19.197 [http-nio-8080-exec-2] INFO  o.a.c.core.ContainerBase.[Tomcat].[localhost].[/] - Initializing Spring DispatcherServlet 'dispatcherServlet'
2021-09-07 23:11:19.198 [http-nio-8080-exec-2] INFO  org.springframework.web.servlet.DispatcherServlet - Initializing Servlet 'dispatcherServlet'
2021-09-07 23:11:19.200 [http-nio-8080-exec-2] INFO  org.springframework.web.servlet.DispatcherServlet - Completed initialization in 2 ms
2021-09-07 23:11:19.235 [http-nio-8080-exec-2] INFO  c.m.springbootmeikenloglogback.IndexController - info
2021-09-07 23:11:19.236 [http-nio-8080-exec-2] WARN  c.m.springbootmeikenloglogback.IndexController - warn
2021-09-07 23:11:19.236 [http-nio-8080-exec-2] ERROR c.m.springbootmeikenloglogback.IndexController - error
2021-09-07 23:13:34.382 [main] INFO  c.m.s.SpringBootMeikenLogLogbackApplication - Starting SpringBootMeikenLogLogbackApplication using Java 1.8.0_171 on glf with PID 15263 (/Users/gulinfei/mydeveloper/gitProject/java/spring-learn/spring-boot-meiken-learn/spring-boot-meiken-log/spring-boot-meiken-log-logback/target/classes started by gulinfei in /Users/gulinfei/mydeveloper/gitProject/java/spring-learn/spring-boot-meiken-learn)
2021-09-07 23:13:34.386 [main] INFO  c.m.s.SpringBootMeikenLogLogbackApplication - No active profile set, falling back to default profiles: default
2021-09-07 23:13:35.128 [main] INFO  o.s.boot.web.embedded.tomcat.TomcatWebServer - Tomcat initialized with port(s): 8080 (http)
2021-09-07 23:13:35.136 [main] INFO  org.apache.coyote.http11.Http11NioProtocol - Initializing ProtocolHandler ["http-nio-8080"]
2021-09-07 23:13:35.136 [main] INFO  org.apache.catalina.core.StandardService - Starting service [Tomcat]
2021-09-07 23:13:35.136 [main] INFO  org.apache.catalina.core.StandardEngine - Starting Servlet engine: [Apache Tomcat/9.0.52]
2021-09-07 23:13:35.198 [main] INFO  o.a.c.core.ContainerBase.[Tomcat].[localhost].[/] - Initializing Spring embedded WebApplicationContext
2021-09-07 23:13:35.198 [main] INFO  o.s.b.w.s.c.ServletWebServerApplicationContext - Root WebApplicationContext: initialization completed in 761 ms
2021-09-07 23:13:35.455 [main] INFO  org.apache.coyote.http11.Http11NioProtocol - Starting ProtocolHandler ["http-nio-8080"]
2021-09-07 23:13:35.481 [main] INFO  o.s.boot.web.embedded.tomcat.TomcatWebServer - Tomcat started on port(s): 8080 (http) with context path ''
2021-09-07 23:13:35.490 [main] INFO  c.m.s.SpringBootMeikenLogLogbackApplication - Started SpringBootMeikenLogLogbackApplication in 1.482 seconds (JVM running for 2.148)
2021-09-07 23:14:59.321 [main] ERROR org.springframework.boot.SpringApplication - Application run failed
java.lang.IllegalStateException: java.lang.IllegalStateException: Logback configuration error detected: 
ERROR in ch.qos.logback.core.joran.spi.Interpreter@20:19 - RuntimeException in Action for tag [encoder] java.lang.NumberFormatException: For input string: "{"
ERROR in ch.qos.logback.core.ConsoleAppender[console] - No encoder set for the appender named "console".
	at org.springframework.boot.context.logging.LoggingApplicationListener.initializeSystem(LoggingApplicationListener.java:328)
	at org.springframework.boot.context.logging.LoggingApplicationListener.initialize(LoggingApplicationListener.java:282)
	at org.springframework.boot.context.logging.LoggingApplicationListener.onApplicationEnvironmentPreparedEvent(LoggingApplicationListener.java:240)
	at org.springframework.boot.context.logging.LoggingApplicationListener.onApplicationEvent(LoggingApplicationListener.java:216)
	at org.springframework.context.event.SimpleApplicationEventMulticaster.doInvokeListener(SimpleApplicationEventMulticaster.java:176)
	at org.springframework.context.event.SimpleApplicationEventMulticaster.invokeListener(SimpleApplicationEventMulticaster.java:169)
	at org.springframework.context.event.SimpleApplicationEventMulticaster.multicastEvent(SimpleApplicationEventMulticaster.java:143)
	at org.springframework.context.event.SimpleApplicationEventMulticaster.multicastEvent(SimpleApplicationEventMulticaster.java:131)
	at org.springframework.boot.context.event.EventPublishingRunListener.environmentPrepared(EventPublishingRunListener.java:82)
	at org.springframework.boot.SpringApplicationRunListeners.lambda$environmentPrepared$2(SpringApplicationRunListeners.java:63)
	at java.util.ArrayList.forEach(ArrayList.java:1257)
	at org.springframework.boot.SpringApplicationRunListeners.doWithListeners(SpringApplicationRunListeners.java:117)
	at org.springframework.boot.SpringApplicationRunListeners.doWithListeners(SpringApplicationRunListeners.java:111)
	at org.springframework.boot.SpringApplicationRunListeners.environmentPrepared(SpringApplicationRunListeners.java:62)
	at org.springframework.boot.SpringApplication.prepareEnvironment(SpringApplication.java:374)
	at org.springframework.boot.SpringApplication.run(SpringApplication.java:332)
	at org.springframework.boot.SpringApplication.run(SpringApplication.java:1343)
	at org.springframework.boot.SpringApplication.run(SpringApplication.java:1332)
	at com.meiken.springbootmeikenloglogback.SpringBootMeikenLogLogbackApplication.main(SpringBootMeikenLogLogbackApplication.java:10)
Caused by: java.lang.IllegalStateException: Logback configuration error detected: 
ERROR in ch.qos.logback.core.joran.spi.Interpreter@20:19 - RuntimeException in Action for tag [encoder] java.lang.NumberFormatException: For input string: "{"
ERROR in ch.qos.logback.core.ConsoleAppender[console] - No encoder set for the appender named "console".
	at org.springframework.boot.logging.logback.LogbackLoggingSystem.loadConfiguration(LogbackLoggingSystem.java:179)
	at org.springframework.boot.logging.logback.LogbackLoggingSystem.reinitialize(LogbackLoggingSystem.java:232)
	at org.springframework.boot.logging.AbstractLoggingSystem.initializeWithConventions(AbstractLoggingSystem.java:73)
	at org.springframework.boot.logging.AbstractLoggingSystem.initialize(AbstractLoggingSystem.java:60)
	at org.springframework.boot.logging.logback.LogbackLoggingSystem.initialize(LogbackLoggingSystem.java:132)
	at org.springframework.boot.context.logging.LoggingApplicationListener.initializeSystem(LoggingApplicationListener.java:313)
	... 18 common frames omitted
2021-09-07 23:15:30.048 [main] ERROR org.springframework.boot.SpringApplication - Application run failed
java.lang.IllegalStateException: java.lang.IllegalStateException: Logback configuration error detected: 
ERROR in ch.qos.logback.core.joran.spi.Interpreter@21:19 - RuntimeException in Action for tag [encoder] java.lang.NumberFormatException: For input string: "{"
ERROR in ch.qos.logback.core.ConsoleAppender[console] - No encoder set for the appender named "console".
	at org.springframework.boot.context.logging.LoggingApplicationListener.initializeSystem(LoggingApplicationListener.java:328)
	at org.springframework.boot.context.logging.LoggingApplicationListener.initialize(LoggingApplicationListener.java:282)
	at org.springframework.boot.context.logging.LoggingApplicationListener.onApplicationEnvironmentPreparedEvent(LoggingApplicationListener.java:240)
	at org.springframework.boot.context.logging.LoggingApplicationListener.onApplicationEvent(LoggingApplicationListener.java:216)
	at org.springframework.context.event.SimpleApplicationEventMulticaster.doInvokeListener(SimpleApplicationEventMulticaster.java:176)
	at org.springframework.context.event.SimpleApplicationEventMulticaster.invokeListener(SimpleApplicationEventMulticaster.java:169)
	at org.springframework.context.event.SimpleApplicationEventMulticaster.multicastEvent(SimpleApplicationEventMulticaster.java:143)
	at org.springframework.context.event.SimpleApplicationEventMulticaster.multicastEvent(SimpleApplicationEventMulticaster.java:131)
	at org.springframework.boot.context.event.EventPublishingRunListener.environmentPrepared(EventPublishingRunListener.java:82)
	at org.springframework.boot.SpringApplicationRunListeners.lambda$environmentPrepared$2(SpringApplicationRunListeners.java:63)
	at java.util.ArrayList.forEach(ArrayList.java:1257)
	at org.springframework.boot.SpringApplicationRunListeners.doWithListeners(SpringApplicationRunListeners.java:117)
	at org.springframework.boot.SpringApplicationRunListeners.doWithListeners(SpringApplicationRunListeners.java:111)
	at org.springframework.boot.SpringApplicationRunListeners.environmentPrepared(SpringApplicationRunListeners.java:62)
	at org.springframework.boot.SpringApplication.prepareEnvironment(SpringApplication.java:374)
	at org.springframework.boot.SpringApplication.run(SpringApplication.java:332)
	at org.springframework.boot.SpringApplication.run(SpringApplication.java:1343)
	at org.springframework.boot.SpringApplication.run(SpringApplication.java:1332)
	at com.meiken.springbootmeikenloglogback.SpringBootMeikenLogLogbackApplication.main(SpringBootMeikenLogLogbackApplication.java:10)
Caused by: java.lang.IllegalStateException: Logback configuration error detected: 
ERROR in ch.qos.logback.core.joran.spi.Interpreter@21:19 - RuntimeException in Action for tag [encoder] java.lang.NumberFormatException: For input string: "{"
ERROR in ch.qos.logback.core.ConsoleAppender[console] - No encoder set for the appender named "console".
	at org.springframework.boot.logging.logback.LogbackLoggingSystem.loadConfiguration(LogbackLoggingSystem.java:179)
	at org.springframework.boot.logging.logback.LogbackLoggingSystem.reinitialize(LogbackLoggingSystem.java:232)
	at org.springframework.boot.logging.AbstractLoggingSystem.initializeWithConventions(AbstractLoggingSystem.java:73)
	at org.springframework.boot.logging.AbstractLoggingSystem.initialize(AbstractLoggingSystem.java:60)
	at org.springframework.boot.logging.logback.LogbackLoggingSystem.initialize(LogbackLoggingSystem.java:132)
	at org.springframework.boot.context.logging.LoggingApplicationListener.initializeSystem(LoggingApplicationListener.java:313)
	... 18 common frames omitted
2021-09-07 23:15:51.003 [main] INFO  c.m.s.SpringBootMeikenLogLogbackApplication - Starting SpringBootMeikenLogLogbackApplication using Java 1.8.0_171 on glf with PID 15303 (/Users/gulinfei/mydeveloper/gitProject/java/spring-learn/spring-boot-meiken-learn/spring-boot-meiken-log/spring-boot-meiken-log-logback/target/classes started by gulinfei in /Users/gulinfei/mydeveloper/gitProject/java/spring-learn/spring-boot-meiken-learn)
2021-09-07 23:15:51.006 [main] INFO  c.m.s.SpringBootMeikenLogLogbackApplication - No active profile set, falling back to default profiles: default
2021-09-07 23:15:51.711 [main] INFO  o.s.boot.web.embedded.tomcat.TomcatWebServer - Tomcat initialized with port(s): 8080 (http)
2021-09-07 23:15:51.719 [main] INFO  org.apache.coyote.http11.Http11NioProtocol - Initializing ProtocolHandler ["http-nio-8080"]
2021-09-07 23:15:51.719 [main] INFO  org.apache.catalina.core.StandardService - Starting service [Tomcat]
2021-09-07 23:15:51.720 [main] INFO  org.apache.catalina.core.StandardEngine - Starting Servlet engine: [Apache Tomcat/9.0.52]
2021-09-07 23:15:51.774 [main] INFO  o.a.c.core.ContainerBase.[Tomcat].[localhost].[/] - Initializing Spring embedded WebApplicationContext
2021-09-07 23:15:51.775 [main] INFO  o.s.b.w.s.c.ServletWebServerApplicationContext - Root WebApplicationContext: initialization completed in 731 ms
2021-09-07 23:15:52.059 [main] INFO  org.apache.coyote.http11.Http11NioProtocol - Starting ProtocolHandler ["http-nio-8080"]
2021-09-07 23:15:52.085 [main] INFO  o.s.boot.web.embedded.tomcat.TomcatWebServer - Tomcat started on port(s): 8080 (http) with context path ''
2021-09-07 23:15:52.094 [main] INFO  c.m.s.SpringBootMeikenLogLogbackApplication - Started SpringBootMeikenLogLogbackApplication in 1.501 seconds (JVM running for 2.205)
2021-09-07 23:16:01.121 [http-nio-8080-exec-2] INFO  o.a.c.core.ContainerBase.[Tomcat].[localhost].[/] - Initializing Spring DispatcherServlet 'dispatcherServlet'
2021-09-07 23:16:01.121 [http-nio-8080-exec-2] INFO  org.springframework.web.servlet.DispatcherServlet - Initializing Servlet 'dispatcherServlet'
2021-09-07 23:16:01.122 [http-nio-8080-exec-2] INFO  org.springframework.web.servlet.DispatcherServlet - Completed initialization in 1 ms
2021-09-07 23:16:01.141 [http-nio-8080-exec-2] INFO  c.m.springbootmeikenloglogback.IndexController - info
2021-09-07 23:16:01.141 [http-nio-8080-exec-2] WARN  c.m.springbootmeikenloglogback.IndexController - warn
2021-09-07 23:16:01.141 [http-nio-8080-exec-2] ERROR c.m.springbootmeikenloglogback.IndexController - error
